2019-04-27 09:23:07 +0000  Initial pipeline context: <IDEDistributionProcessingPipelineContext: 0x7f89c6c3bf50; archive(resolved)='<IDEArchive: 0x7f89e33035a0>', distributionTask(resolved)='2', distributionDestination(resolved)='1', distributionMethod(resolved)='<IDEDistributionMethodDevelopmentSigned: 0x7f89f3ac3090>', team(resolved)='<IDEProvisioningDisambiguatableBasicTeam: 0x7f89e8783160; teamID='YU3GP553RA', teamName='Adem Bilican', teamType='Individual', username='a.bilican@me.com', isFreeProvisioningTeam='0'>'>
	Chain (12, self inclusive):
	<IDEDistributionProcessingPipelineContext: 0x7f89c6c3bf50; archive = '<IDEArchive: 0x7f89e33035a0>', distributionMethod='<IDEDistributionMethodDevelopmentSigned: 0x7f89f3ac3090>', team='<IDEProvisioningDisambiguatableBasicTeam: 0x7f89e8783160; teamID='YU3GP553RA', teamName='Adem Bilican', teamType='Individual', username='a.bilican@me.com', isFreeProvisioningTeam='0'>'>
	<IDEDistributionProcessingPipelineContext: 0x7f89c6c77100; archive = '<IDEArchive: 0x7f89e33035a0>', distributionMethod='<IDEDistributionMethodDevelopmentSigned: 0x7f89f3ac3090>', team='<IDEProvisioningDisambiguatableBasicTeam: 0x7f89e8783160; teamID='YU3GP553RA', teamName='Adem Bilican', teamType='Individual', username='a.bilican@me.com', isFreeProvisioningTeam='0'>'>
	<IDEDistributionContext: 0x7f89e531c840; archive = '<IDEArchive: 0x7f89e33035a0>', distributionMethod='<IDEDistributionMethodDevelopmentSigned: 0x7f89f3ac3090>', team='<IDEProvisioningDisambiguatableBasicTeam: 0x7f89e8783160; teamID='YU3GP553RA', teamName='Adem Bilican', teamType='Individual', username='a.bilican@me.com', isFreeProvisioningTeam='0'>'>
	<IDEDistributionContext: 0x7f89e511f8c0; archive = '<IDEArchive: 0x7f89e33035a0>', distributionMethod='<IDEDistributionMethodDevelopmentSigned: 0x7f89f3ac3090>', team='<IDEProvisioningDisambiguatableBasicTeam: 0x7f89e8783160; teamID='YU3GP553RA', teamName='Adem Bilican', teamType='Individual', username='a.bilican@me.com', isFreeProvisioningTeam='0'>'>
	<IDEDistributionContext: 0x7f89e53405e0; archive = '<IDEArchive: 0x7f89e33035a0>', distributionMethod='<IDEDistributionMethodDevelopmentSigned: 0x7f89f3ac3090>', team='<IDEProvisioningDisambiguatableBasicTeam: 0x7f89e8783160; teamID='YU3GP553RA', teamName='Adem Bilican', teamType='Individual', username='a.bilican@me.com', isFreeProvisioningTeam='0'>'>
	<IDEDistributionContext: 0x7f89e533ebb0; archive = '<IDEArchive: 0x7f89e33035a0>', distributionMethod='<IDEDistributionMethodDevelopmentSigned: 0x7f89f3ac3090>', team='<IDEProvisioningDisambiguatableBasicTeam: 0x7f89e8783160; teamID='YU3GP553RA', teamName='Adem Bilican', teamType='Individual', username='a.bilican@me.com', isFreeProvisioningTeam='0'>'>
	<IDEDistributionContext: 0x7f89e530ccd0; archive = '<IDEArchive: 0x7f89e33035a0>', distributionMethod='<IDEDistributionMethodDevelopmentSigned: 0x7f89f3ac3090>', team='<IDEProvisioningDisambiguatableBasicTeam: 0x7f89e8783160; teamID='YU3GP553RA', teamName='Adem Bilican', teamType='Individual', username='a.bilican@me.com', isFreeProvisioningTeam='0'>'>
	<IDEDistributionContext: 0x7f89e24c7210; archive = '<IDEArchive: 0x7f89e33035a0>', distributionMethod='<IDEDistributionMethodDevelopmentSigned: 0x7f89f3ac3090>', team='<IDEProvisioningDisambiguatableBasicTeam: 0x7f89e8783160; teamID='YU3GP553RA', teamName='Adem Bilican', teamType='Individual', username='a.bilican@me.com', isFreeProvisioningTeam='0'>'>
	<IDEDistributionContext: 0x7f89e2c6bc00; archive = '<IDEArchive: 0x7f89e33035a0>', distributionMethod='<IDEDistributionMethodDevelopmentSigned: 0x7f89f3ac3090>', team='<IDEProvisioningDisambiguatableBasicTeam: 0x7f89e8783160; teamID='YU3GP553RA', teamName='Adem Bilican', teamType='Individual', username='a.bilican@me.com', isFreeProvisioningTeam='0'>'>
	<IDEDistributionContext: 0x7f89e2c76170; archive = '<IDEArchive: 0x7f89e33035a0>', distributionMethod='<IDEDistributionMethodDevelopmentSigned: 0x7f89f3ac3090>', team='(null)'>
	<IDEDistributionContext: 0x7f89c6c02c90; archive = '<IDEArchive: 0x7f89e33035a0>', distributionMethod='<IDEDistributionMethodDevelopmentSigned: 0x7f89f3ac3090>', team='(null)'>
	<IDEDistributionContext: 0x7f89e35f3610; archive = '<IDEArchive: 0x7f89e33035a0>', distributionMethod='(null)', team='(null)'>
</IDEDistributionProcessingPipelineContext: 0x7f89c6c3bf50>
2019-04-27 09:23:07 +0000  Processing step: IDEDistributionCreateDestRootStep
2019-04-27 09:23:07 +0000  Processing step: IDEDistributionCopyItemStep
2019-04-27 09:23:07 +0000  Running /usr/bin/ditto '-V' '/Users/abilican/Library/Developer/Xcode/Archives/2019-04-27/RNMainchainDemo 27.04.19, 11.22.xcarchive/Products/Applications/RNMainchainDemo.app' '/var/folders/41/mynqv9qx0l329plbvlq67nmw0000gn/T/XcodeDistPipeline.5CO/Root/Payload/RNMainchainDemo.app'
2019-04-27 09:23:07 +0000  >>> Copying /Users/abilican/Library/Developer/Xcode/Archives/2019-04-27/RNMainchainDemo 27.04.19, 11.22.xcarchive/Products/Applications/RNMainchainDemo.app 
2019-04-27 09:23:07 +0000  copying file ./_CodeSignature/CodeResources ... 
2019-04-27 09:23:07 +0000  6659 bytes for ./_CodeSignature/CodeResources
2019-04-27 09:23:07 +0000  copying file ./Base.lproj/LaunchScreen.nib ... 
2019-04-27 09:23:07 +0000  3121 bytes for ./Base.lproj/LaunchScreen.nib
2019-04-27 09:23:07 +0000  copying file ./RNMainchainDemo ... 
2019-04-27 09:23:07 +0000  11330944 bytes for ./RNMainchainDemo
copying file ./main.jsbundle ... 
2019-04-27 09:23:07 +0000  859802 bytes for ./main.jsbundle
copying file ./embedded.mobileprovision ... 
7677 bytes for ./embedded.mobileprovision
copying file ./Data/mnemonic_japanese.txt ... 
2019-04-27 09:23:07 +0000  26422 bytes for ./Data/mnemonic_japanese.txt
copying file ./Data/mnemonic_italian.txt ... 
2019-04-27 09:23:07 +0000  16032 bytes for ./Data/mnemonic_italian.txt
copying file ./Data/CoinConfig.json ... 
2019-04-27 09:23:07 +0000  424 bytes for ./Data/CoinConfig.json
copying file ./Data/mnemonic_spanish.txt ... 
2019-04-27 09:23:07 +0000  13995 bytes for ./Data/mnemonic_spanish.txt
2019-04-27 09:23:07 +0000  copying file ./Data/mnemonic_chinese.txt ... 
2019-04-27 09:23:07 +0000  8191 bytes for ./Data/mnemonic_chinese.txt
2019-04-27 09:23:07 +0000  copying file ./Data/mnemonic_french.txt ... 
2019-04-27 09:23:07 +0000  16776 bytes for ./Data/mnemonic_french.txt
2019-04-27 09:23:07 +0000  copying file ./assets/node_modules/react-navigation-stack/src/views/assets/back-icon@3x.png ... 
2019-04-27 09:23:07 +0000  761 bytes for ./assets/node_modules/react-navigation-stack/src/views/assets/back-icon@3x.png
copying file ./assets/node_modules/react-navigation-stack/src/views/assets/back-icon@2x.png ... 
2019-04-27 09:23:07 +0000  405 bytes for ./assets/node_modules/react-navigation-stack/src/views/assets/back-icon@2x.png
copying file ./assets/node_modules/react-navigation-stack/src/views/assets/back-icon.png ... 
2019-04-27 09:23:07 +0000  290 bytes for ./assets/node_modules/react-navigation-stack/src/views/assets/back-icon.png
copying file ./assets/node_modules/react-navigation-stack/src/views/assets/back-icon-mask.png ... 
2019-04-27 09:23:07 +0000  1619 bytes for ./assets/node_modules/react-navigation-stack/src/views/assets/back-icon-mask.png
2019-04-27 09:23:07 +0000  copying file ./Info.plist ... 
2019-04-27 09:23:07 +0000  1315 bytes for ./Info.plist
2019-04-27 09:23:07 +0000  copying file ./PkgInfo ... 
2019-04-27 09:23:07 +0000  8 bytes for ./PkgInfo
2019-04-27 09:23:07 +0000  /usr/bin/ditto exited with 0
2019-04-27 09:23:07 +0000  Processing step: IDEDistributionEmbedProfileStep
2019-04-27 09:23:07 +0000  Processing step: IDEDistributionAppThinningPlistStep
2019-04-27 09:23:07 +0000  Skipping step: IDEDistributionAppThinningPlistStep because it said so
2019-04-27 09:23:07 +0000  Processing step: IDEDistributionCompileBitcodeStep
2019-04-27 09:23:07 +0000  Skipping step: IDEDistributionCompileBitcodeStep because it said so
2019-04-27 09:23:07 +0000  Processing step: IDEDistributionCodeSlimmingStep
2019-04-27 09:23:07 +0000  Processing step: IDEDistributionCopyBCSymbolMapsStep
2019-04-27 09:23:07 +0000  Skipping step: IDEDistributionCopyBCSymbolMapsStep because it said so
2019-04-27 09:23:07 +0000  Processing step: IDEDistributionSymbolsStep
2019-04-27 09:23:07 +0000  Skipping step: IDEDistributionSymbolsStep because it said so
2019-04-27 09:23:07 +0000  Processing step: IDEDistributionAppThinningStep
2019-04-27 09:23:07 +0000  Skipping step: IDEDistributionAppThinningStep because it said so
2019-04-27 09:23:07 +0000  Processing step: IDEDistributionArchThinningStep
2019-04-27 09:23:07 +0000  Running /Applications/Xcode.app/Contents/Developer/Toolchains/XcodeDefault.xctoolchain/usr/bin/lipo '/var/folders/41/mynqv9qx0l329plbvlq67nmw0000gn/T/XcodeDistPipeline.5CO/Root/Payload/RNMainchainDemo.app/RNMainchainDemo' '-verify_arch' 'arm64e'
2019-04-27 09:23:07 +0000  /Applications/Xcode.app/Contents/Developer/Toolchains/XcodeDefault.xctoolchain/usr/bin/lipo exited with 1
2019-04-27 09:23:07 +0000  Skipping architecture thinning for item "RNMainchainDemo" because arch "arm64e" wasn't found
2019-04-27 09:23:07 +0000  Processing step: IDEDistributionODRStep
2019-04-27 09:23:07 +0000  Processing step: IDEDistributionStripXattrsStep
2019-04-27 09:23:07 +0000  Running /usr/bin/xattr '-crs' '/var/folders/41/mynqv9qx0l329plbvlq67nmw0000gn/T/XcodeDistPipeline.5CO/Root/Payload/RNMainchainDemo.app'
2019-04-27 09:23:07 +0000  /usr/bin/xattr exited with 0
2019-04-27 09:23:07 +0000  Processing step: IDEDistributionCodesignStep
2019-04-27 09:23:07 +0000  Entitlements for <IDEDistributionItem: 0x7f89e24b6be0 'org.reactjs.native.example.RNMainchainDemo' '<DVTFilePath:0x7f89e37b6420:'/Users/abilican/Library/Developer/Xcode/Archives/2019-04-27/RNMainchainDemo 27.04.19, 11.22.xcarchive/Products/Applications/RNMainchainDemo.app'>'>: {
    "application-identifier" = "YU3GP553RA.org.reactjs.native.example.RNMainchainDemo";
    "com.apple.developer.team-identifier" = YU3GP553RA;
    "get-task-allow" = 1;
    "keychain-access-groups" =     (
        "YU3GP553RA.org.reactjs.native.example.RNMainchainDemo"
    );
}
2019-04-27 09:23:07 +0000  Writing entitlements for <IDEDistributionItem: 0x7f89e24b6be0 'org.reactjs.native.example.RNMainchainDemo' '<DVTFilePath:0x7f89e37b6420:'/Users/abilican/Library/Developer/Xcode/Archives/2019-04-27/RNMainchainDemo 27.04.19, 11.22.xcarchive/Products/Applications/RNMainchainDemo.app'>'> to: /var/folders/41/mynqv9qx0l329plbvlq67nmw0000gn/T/XcodeDistPipeline.5CO/entitlementsU0vKoo
2019-04-27 09:23:07 +0000  Running /usr/bin/codesign '-vvv' '--force' '--sign' 'EE2103CC7D8EFCF320F249EA1DF4877546BE07E3' '--entitlements' '/var/folders/41/mynqv9qx0l329plbvlq67nmw0000gn/T/XcodeDistPipeline.5CO/entitlementsU0vKoo' '--preserve-metadata=identifier,flags,runtime' '/var/folders/41/mynqv9qx0l329plbvlq67nmw0000gn/T/XcodeDistPipeline.5CO/Root/Payload/RNMainchainDemo.app'
2019-04-27 09:23:07 +0000  /var/folders/41/mynqv9qx0l329plbvlq67nmw0000gn/T/XcodeDistPipeline.5CO/Root/Payload/RNMainchainDemo.app: replacing existing signature
2019-04-27 09:23:07 +0000  /var/folders/41/mynqv9qx0l329plbvlq67nmw0000gn/T/XcodeDistPipeline.5CO/Root/Payload/RNMainchainDemo.app: signed app bundle with Mach-O universal (armv7 arm64) [org.reactjs.native.example.RNMainchainDemo]
2019-04-27 09:23:07 +0000  /usr/bin/codesign exited with 0
2019-04-27 09:23:07 +0000  Processing step: IDEDistributionZipODRItemStep
2019-04-27 09:23:07 +0000  Skipping step: IDEDistributionZipODRItemStep because it said so
2019-04-27 09:23:07 +0000  Processing step: IDEDistributionCreateIPAStep
2019-04-27 09:23:07 +0000  Running /usr/bin/ditto '-V' '-c' '-k' '--norsrc' '/var/folders/41/mynqv9qx0l329plbvlq67nmw0000gn/T/XcodeDistPipeline.5CO/Root' '/var/folders/41/mynqv9qx0l329plbvlq67nmw0000gn/T/XcodeDistPipeline.5CO/Packages/RNMainchainDemo.ipa'
2019-04-27 09:23:07 +0000  >>> Copying /var/folders/41/mynqv9qx0l329plbvlq67nmw0000gn/T/XcodeDistPipeline.5CO/Root 
2019-04-27 09:23:07 +0000  copying file ./Payload/RNMainchainDemo.app/_CodeSignature/CodeResources ... 
2019-04-27 09:23:07 +0000  6659 bytes for ./Payload/RNMainchainDemo.app/_CodeSignature/CodeResources
2019-04-27 09:23:07 +0000  copying file ./Payload/RNMainchainDemo.app/Base.lproj/LaunchScreen.nib ... 
2019-04-27 09:23:07 +0000  3121 bytes for ./Payload/RNMainchainDemo.app/Base.lproj/LaunchScreen.nib
copying file ./Payload/RNMainchainDemo.app/RNMainchainDemo ... 
2019-04-27 09:23:08 +0000  11330944 bytes for ./Payload/RNMainchainDemo.app/RNMainchainDemo
copying file ./Payload/RNMainchainDemo.app/main.jsbundle ... 
2019-04-27 09:23:08 +0000  859802 bytes for ./Payload/RNMainchainDemo.app/main.jsbundle
copying file ./Payload/RNMainchainDemo.app/embedded.mobileprovision ... 
2019-04-27 09:23:08 +0000  7677 bytes for ./Payload/RNMainchainDemo.app/embedded.mobileprovision
2019-04-27 09:23:08 +0000  copying file ./Payload/RNMainchainDemo.app/Data/mnemonic_japanese.txt ... 
2019-04-27 09:23:08 +0000  26422 bytes for ./Payload/RNMainchainDemo.app/Data/mnemonic_japanese.txt
copying file ./Payload/RNMainchainDemo.app/Data/mnemonic_italian.txt ... 
2019-04-27 09:23:08 +0000  16032 bytes for ./Payload/RNMainchainDemo.app/Data/mnemonic_italian.txt
copying file ./Payload/RNMainchainDemo.app/Data/CoinConfig.json ... 
2019-04-27 09:23:08 +0000  424 bytes for ./Payload/RNMainchainDemo.app/Data/CoinConfig.json
copying file ./Payload/RNMainchainDemo.app/Data/mnemonic_spanish.txt ... 
2019-04-27 09:23:08 +0000  13995 bytes for ./Payload/RNMainchainDemo.app/Data/mnemonic_spanish.txt
copying file ./Payload/RNMainchainDemo.app/Data/mnemonic_chinese.txt ... 
2019-04-27 09:23:08 +0000  8191 bytes for ./Payload/RNMainchainDemo.app/Data/mnemonic_chinese.txt
copying file ./Payload/RNMainchainDemo.app/Data/mnemonic_french.txt ... 
2019-04-27 09:23:08 +0000  16776 bytes for ./Payload/RNMainchainDemo.app/Data/mnemonic_french.txt
2019-04-27 09:23:08 +0000  copying file ./Payload/RNMainchainDemo.app/assets/node_modules/react-navigation-stack/src/views/assets/back-icon@3x.png ... 
2019-04-27 09:23:08 +0000  761 bytes for ./Payload/RNMainchainDemo.app/assets/node_modules/react-navigation-stack/src/views/assets/back-icon@3x.png
copying file ./Payload/RNMainchainDemo.app/assets/node_modules/react-navigation-stack/src/views/assets/back-icon@2x.png ... 
2019-04-27 09:23:08 +0000  405 bytes for ./Payload/RNMainchainDemo.app/assets/node_modules/react-navigation-stack/src/views/assets/back-icon@2x.png
copying file ./Payload/RNMainchainDemo.app/assets/node_modules/react-navigation-stack/src/views/assets/back-icon.png ... 
290 bytes for ./Payload/RNMainchainDemo.app/assets/node_modules/react-navigation-stack/src/views/assets/back-icon.png
copying file ./Payload/RNMainchainDemo.app/assets/node_modules/react-navigation-stack/src/views/assets/back-icon-mask.png ... 
2019-04-27 09:23:08 +0000  1619 bytes for ./Payload/RNMainchainDemo.app/assets/node_modules/react-navigation-stack/src/views/assets/back-icon-mask.png
2019-04-27 09:23:08 +0000  copying file ./Payload/RNMainchainDemo.app/Info.plist ... 
2019-04-27 09:23:08 +0000  1315 bytes for ./Payload/RNMainchainDemo.app/Info.plist
2019-04-27 09:23:08 +0000  copying file ./Payload/RNMainchainDemo.app/PkgInfo ... 
8 bytes for ./Payload/RNMainchainDemo.app/PkgInfo
2019-04-27 09:23:08 +0000  /usr/bin/ditto exited with 0
2019-04-27 09:23:08 +0000  Processing step: IDEDistributionAppStoreInformationStep
2019-04-27 09:23:08 +0000  Skipping step: IDEDistributionAppStoreInformationStep because it said so
2019-04-27 09:23:08 +0000  Processing step: IDEDistributionCreateManifestStep
